{"recorder_version":"31","session":"6dc5fddfb344","build":"193.6494.35","bucket":"101","time":1583916886512,"group":{"id":"system.java","version":"1"},"event":{"state":true,"data":{"created":1583916887217,"version":"validation.undefined_rule"},"id":"validation.undefined_rule"}}
{"recorder_version":"31","session":"6dc5fddfb344","build":"193.6494.35","bucket":"101","time":1583916886513,"group":{"id":"system.java","version":"1"},"event":{"state":true,"data":{"created":1583916887219},"id":"invoked"}}
{"recorder_version":"31","session":"6dc5fddfb344","build":"193.6494.35","bucket":"101","time":1583916886518,"group":{"id":"settings","version":"4"},"event":{"state":true,"data":{"component":"UISettings","created":1583916887231},"id":"invoked"}}
{"recorder_version":"31","session":"6dc5fddfb344","build":"193.6494.35","bucket":"101","time":1583916886519,"group":{"id":"settings","version":"4"},"event":{"state":true,"data":{"component":"NotRoamableUiSettings","created":1583916887231},"id":"invoked"}}
{"recorder_version":"31","session":"6dc5fddfb344","build":"193.6494.35","bucket":"101","time":1583916886689,"group":{"id":"system.os","version":"3"},"event":{"state":true,"data":{"release":"ubuntu","created":1583916887232,"version":"18.4"},"id":"Linux"}}
{"recorder_version":"31","session":"6dc5fddfb344","build":"193.6494.35","bucket":"101","time":1583916886689,"group":{"id":"system.os","version":"3"},"event":{"state":true,"data":{"release":"ubuntu","created":1583916887232,"name":"Linux","version":"18.4"},"id":"os.name"}}
{"recorder_version":"31","session":"6dc5fddfb344","build":"193.6494.35","bucket":"101","time":1583916886689,"group":{"id":"system.os","version":"3"},"event":{"state":true,"data":{"created":1583916887233,"value":"+05_30"},"id":"os.timezone"}}
{"recorder_version":"31","session":"6dc5fddfb344","build":"193.6494.35","bucket":"101","time":1583916886689,"group":{"id":"system.os","version":"3"},"event":{"state":true,"data":{"created":1583916887233},"id":"invoked"}}
{"recorder_version":"31","session":"6dc5fddfb344","build":"193.6494.35","bucket":"101","time":1583916887163,"group":{"id":"settings","version":"4"},"event":{"state":true,"data":{"component":"UpdatesConfigurable","created":1583916887234,"name":"checkNeeded","type":"bool","value":false},"id":"not.default"}}
{"recorder_version":"31","session":"6dc5fddfb344","build":"193.6494.35","bucket":"101","time":1583916887163,"group":{"id":"settings","version":"4"},"event":{"state":true,"data":{"component":"UpdatesConfigurable","created":1583916887234},"id":"invoked"}}
{"recorder_version":"31","session":"6dc5fddfb344","build":"193.6494.35","bucket":"101","time":1583916887195,"group":{"id":"event.log","version":"31"},"event":{"count":1,"data":{"created":1583916887235,"version":"1082.0"},"id":"whitelist.loaded"}}
{"recorder_version":"31","session":"6dc5fddfb344","build":"193.6494.35","bucket":"101","time":1583916889216,"group":{"id":"performance","version":"31"},"event":{"count":1,"data":{"duration_ms":2930,"created":1583916889222},"id":"ui.latency"}}
{"recorder_version":"31","session":"6dc5fddfb344","build":"193.6494.35","bucket":"101","time":1583916889216,"group":{"id":"performance","version":"31"},"event":{"count":1,"data":{"duration_ms":2930,"created":1583916889223},"id":"ui.lagging"}}
{"recorder_version":"31","session":"6dc5fddfb344","build":"193.6494.35","bucket":"101","time":1583916889227,"group":{"id":"performance","version":"31"},"event":{"count":1,"data":{"duration_ms":1976,"created":1583916889229},"id":"ui.lagging"}}
{"recorder_version":"31","session":"6dc5fddfb344","build":"193.6494.35","bucket":"101","time":1583916889227,"group":{"id":"performance","version":"31"},"event":{"count":1,"data":{"duration_ms":976,"created":1583916889230},"id":"ui.lagging"}}
{"recorder_version":"31","session":"6dc5fddfb344","build":"193.6494.35","bucket":"101","time":1583916889265,"group":{"id":"settings","version":"4"},"event":{"state":true,"data":{"component":"GeneralSettings","created":1583916889265},"id":"invoked"}}
{"recorder_version":"31","session":"6dc5fddfb344","build":"193.6494.35","bucket":"101","time":1583916889662,"group":{"id":"settings","version":"4"},"event":{"state":true,"data":{"component":"XmlEditorOptions","created":1583916889662},"id":"invoked"}}
{"recorder_version":"31","session":"6dc5fddfb344","build":"193.6494.35","bucket":"101","time":1583916889905,"group":{"id":"lifecycle","version":"31"},"event":{"count":1,"data":{"internal":true,"eap":false,"created":1583916889906},"id":"ide.start"}}
{"recorder_version":"31","session":"6dc5fddfb344","build":"193.6494.35","bucket":"101","time":1583916989307,"group":{"id":"performance","version":"31"},"event":{"count":1,"data":{"duration_ms":0,"created":1583916989308},"id":"ui.latency"}}
{"recorder_version":"31","session":"6dc5fddfb344","build":"193.6494.35","bucket":"101","time":1583917053431,"group":{"id":"lifecycle","version":"31"},"event":{"count":1,"data":{"restart":false,"created":1583917053431},"id":"ide.close"}}
{"recorder_version":"31","session":"6dc5fddfb344","build":"193.6494.35","bucket":"101","time":1583917053841,"group":{"id":"ui.dialogs","version":"31"},"event":{"count":1,"data":{"created":1583917053841,"plugin_type":"PLATFORM","dialog_class":"com.intellij.openapi.progress.util.ProgressDialog$MyDialogWrapper"},"id":"show"}}
{"recorder_version":"31","session":"6dc5fddfb344","build":"193.6494.35","bucket":"101","time":1583917054430,"group":{"id":"ui.dialogs","version":"31"},"event":{"count":1,"data":{"code":1,"created":1583917054430,"plugin_type":"PLATFORM","dialog_class":"com.intellij.openapi.progress.util.ProgressDialog$MyDialogWrapper"},"id":"close"}}
